<?xml version="1.0" encoding="UTF-8"?>
<testsuite xmlns:xsi="http://www.w3.org/2001/XMLSchema-instance" xsi:noNamespaceSchemaLocation="https://maven.apache.org/surefire/maven-surefire-plugin/xsd/surefire-test-report.xsd" name="runner.TestRunner" time="129.87" tests="9" errors="0" skipped="0" failures="0">
  <properties>
[...]
</properties>
  <testcase name="Test all the accordion links on the FAQs page" classname="Test Accordion Links" time="16.382"/>
  <testcase name="Fill a form for a safe home during lockdown #1" classname="Everyone needs safe home during lockdown" time="14.127"/>
  <testcase name="Fill a form for a safe home during lockdown #2" classname="Everyone needs safe home during lockdown" time="13.483"/>
  <testcase name="Fill a form for a safe home during lockdown #3" classname="Everyone needs safe home during lockdown" time="13.753"/>
  <testcase name="Fill negative data in form for a safe home during lockdown #1" classname="Everyone needs safe home during lockdown" time="14.192"/>
  <testcase name="Fill negative data in form for a safe home during lockdown #2" classname="Everyone needs safe home during lockdown" time="13.974"/>
  <testcase name="Fill negative data in form for a safe home during lockdown #3" classname="Everyone needs safe home during lockdown" time="14.833"/>
  <testcase name="Fill negative data in form for a safe home during lockdown #4" classname="Everyone needs safe home during lockdown" time="13.981"/>
  <testcase name="Fill negative data in form for a safe home during lockdown #5" classname="Everyone needs safe home during lockdown" time="14.058"/>
</testsuite>